<?xml version="1.0" encoding="UTF-8"?>
<!-- Generated by org.testng.reporters.JUnitXMLReporter -->
<testsuite hostname="mahen-PC" ignored="0" name="Result Test" tests="2" failures="1" timestamp="16 Jun 2017 09:02:19 GMT" time="0.036" errors="0">
  <testcase name="testFail" time="0.003" classname="com.testng.Testngtest5">
    <failure type="java.lang.AssertionError" message="expected [true] but found [false]">
      <![CDATA[java.lang.AssertionError: expected [true] but found [false]
	at com.testng.Testngtest5.testFail(Testngtest5.java:11)
... Removed 29 stack frames]]>
    </failure>
  </testcase> <!-- testFail -->
  <testcase name="testPass" time="0.001" classname="com.testng.Testngtest5"/>
</testsuite> <!-- Result Test -->
