<?xml version="1.0" encoding="UTF-8"?>
<!-- Generated by org.testng.reporters.JUnitXMLReporter -->
<testsuite hostname="mahen-PC" ignored="0" name="Default test" tests="3" failures="0" timestamp="09 Jun 2017 14:10:58 GMT" time="0.071" errors="0">
  <testcase name="test" time="0.015" classname="com.tabledate.TestNGDemo"/>
  <testcase name="test1" time="0.002" classname="com.tabledate.TestNGDemo"/>
  <testcase name="test2" time="0.002" classname="com.tabledate.TestNGDemo"/>
</testsuite> <!-- Default test -->
