<?xml version="1.0" encoding="UTF-8"?>
<testng-results skipped="0" failed="1" ignored="0" total="1" passed="0">
  <reporter-output>
  </reporter-output>
  <suite name="Default suite" duration-ms="16992" started-at="2017-06-22T11:45:37Z" finished-at="2017-06-22T11:45:54Z">
    <groups>
    </groups>
    <test name="Default test" duration-ms="16992" started-at="2017-06-22T11:45:37Z" finished-at="2017-06-22T11:45:54Z">
      <class name="com.pratice.YahooMail">
        <test-method status="FAIL" signature="login()[pri:0, instance:com.pratice.YahooMail@3bd550]" name="login" duration-ms="16877" started-at="2017-06-22T17:15:37Z" finished-at="2017-06-22T17:15:54Z">
          <exception class="org.openqa.selenium.WebDriverException">
            <message>
              <![CDATA[
Build info: version: '3.3.1', revision: '5234b32', time: '2017-03-10 09:04:52 -0800'
System info: host: 'MAHEN-PC', ip: '192.168.0.101', os.name: 'Windows 7', os.arch: 'x86', os.version: '6.1', java.version: '1.8.0_121'
Driver info: org.openqa.selenium.firefox.FirefoxDriver
Capabilities [{moz:profile=C:\Users\mahen\AppData\Local\Temp\rust_mozprofile.07ilyBPnd85K, rotatable=false, timeouts={implicit=0, pageLoad=300000, script=30000}, pageLoadStrategy=normal, platform=ANY, specificationLevel=0, moz:accessibilityChecks=false, acceptInsecureCerts=false, browserVersion=54.0, platformVersion=6.1, moz:processID=5672, browserName=firefox, platformName=windows_nt}]
Session ID: f4ab785a-893a-4481-848a-8e1741066250]]>
            </message>
            <full-stacktrace>
              <![CDATA[org.openqa.selenium.WebDriverException: 
Build info: version: '3.3.1', revision: '5234b32', time: '2017-03-10 09:04:52 -0800'
System info: host: 'MAHEN-PC', ip: '192.168.0.101', os.name: 'Windows 7', os.arch: 'x86', os.version: '6.1', java.version: '1.8.0_121'
Driver info: org.openqa.selenium.firefox.FirefoxDriver
Capabilities [{moz:profile=C:\Users\mahen\AppData\Local\Temp\rust_mozprofile.07ilyBPnd85K, rotatable=false, timeouts={implicit=0, pageLoad=300000, script=30000}, pageLoadStrategy=normal, platform=ANY, specificationLevel=0, moz:accessibilityChecks=false, acceptInsecureCerts=false, browserVersion=54.0, platformVersion=6.1, moz:processID=5672, browserName=firefox, platformName=windows_nt}]
Session ID: f4ab785a-893a-4481-848a-8e1741066250
	at sun.reflect.NativeConstructorAccessorImpl.newInstance0(Native Method)
	at sun.reflect.NativeConstructorAccessorImpl.newInstance(NativeConstructorAccessorImpl.java:62)
	at sun.reflect.DelegatingConstructorAccessorImpl.newInstance(DelegatingConstructorAccessorImpl.java:45)
	at java.lang.reflect.Constructor.newInstance(Constructor.java:423)
	at org.openqa.selenium.remote.http.W3CHttpResponseCodec.createException(W3CHttpResponseCodec.java:133)
	at org.openqa.selenium.remote.http.W3CHttpResponseCodec.decode(W3CHttpResponseCodec.java:99)
	at org.openqa.selenium.remote.http.W3CHttpResponseCodec.decode(W3CHttpResponseCodec.java:43)
	at org.openqa.selenium.remote.HttpCommandExecutor.execute(HttpCommandExecutor.java:163)
	at org.openqa.selenium.remote.service.DriverCommandExecutor.execute(DriverCommandExecutor.java:82)
	at org.openqa.selenium.remote.RemoteWebDriver.execute(RemoteWebDriver.java:604)
	at org.openqa.selenium.remote.RemoteWebElement.execute(RemoteWebElement.java:274)
	at org.openqa.selenium.remote.RemoteWebElement.click(RemoteWebElement.java:84)
	at com.pratice.YahooMail.login(YahooMail.java:25)
	at sun.reflect.NativeMethodAccessorImpl.invoke0(Native Method)
	at sun.reflect.NativeMethodAccessorImpl.invoke(NativeMethodAccessorImpl.java:62)
	at sun.reflect.DelegatingMethodAccessorImpl.invoke(DelegatingMethodAccessorImpl.java:43)
	at java.lang.reflect.Method.invoke(Method.java:498)
	at org.testng.internal.MethodInvocationHelper.invokeMethod(MethodInvocationHelper.java:108)
	at org.testng.internal.Invoker.invokeMethod(Invoker.java:661)
	at org.testng.internal.Invoker.invokeTestMethod(Invoker.java:869)
	at org.testng.internal.Invoker.invokeTestMethods(Invoker.java:1193)
	at org.testng.internal.TestMethodWorker.invokeTestMethods(TestMethodWorker.java:126)
	at org.testng.internal.TestMethodWorker.run(TestMethodWorker.java:109)
	at org.testng.TestRunner.privateRun(TestRunner.java:744)
	at org.testng.TestRunner.run(TestRunner.java:602)
	at org.testng.SuiteRunner.runTest(SuiteRunner.java:380)
	at org.testng.SuiteRunner.runSequentially(SuiteRunner.java:375)
	at org.testng.SuiteRunner.privateRun(SuiteRunner.java:340)
	at org.testng.SuiteRunner.run(SuiteRunner.java:289)
	at org.testng.SuiteRunnerWorker.runSuite(SuiteRunnerWorker.java:52)
	at org.testng.SuiteRunnerWorker.run(SuiteRunnerWorker.java:86)
	at org.testng.TestNG.runSuitesSequentially(TestNG.java:1301)
	at org.testng.TestNG.runSuitesLocally(TestNG.java:1226)
	at org.testng.TestNG.runSuites(TestNG.java:1144)
	at org.testng.TestNG.run(TestNG.java:1115)
	at org.testng.remote.AbstractRemoteTestNG.run(AbstractRemoteTestNG.java:132)
	at org.testng.remote.RemoteTestNG.initAndRun(RemoteTestNG.java:230)
	at org.testng.remote.RemoteTestNG.main(RemoteTestNG.java:76)
]]>
            </full-stacktrace>
          </exception> <!-- org.openqa.selenium.WebDriverException -->
          <reporter-output>
          </reporter-output>
        </test-method> <!-- login -->
      </class> <!-- com.pratice.YahooMail -->
    </test> <!-- Default test -->
  </suite> <!-- Default suite -->
</testng-results>
