<?xml version="1.0" encoding="UTF-8"?>
<!-- Generated by org.testng.reporters.JUnitXMLReporter -->
<testsuite hostname="mahen-PC" ignored="0" name="Test(failed)" tests="3" failures="3" timestamp="20 Jun 2017 04:01:04 GMT" time="0.06" errors="0">
  <testcase name="test1" time="0.016" classname="com.autorunfailedtc.Test4">
    <failure type="java.lang.AssertionError" message="expected [true] but found [false]">
      <![CDATA[java.lang.AssertionError: expected [true] but found [false]
	at com.autorunfailedtc.Test4.test1(Test4.java:14)
	at com.runner.TestRunner.main(TestRunner.java:22)
... Removed 26 stack frames]]>
    </failure>
  </testcase> <!-- test1 -->
  <testcase name="test1" time="0.0" classname="com.autorunfailedtc.Test6">
    <failure type="java.lang.AssertionError" message="expected [true] but found [false]">
      <![CDATA[java.lang.AssertionError: expected [true] but found [false]
	at com.autorunfailedtc.Test6.test1(Test6.java:14)
	at com.runner.TestRunner.main(TestRunner.java:22)
... Removed 26 stack frames]]>
    </failure>
  </testcase> <!-- test1 -->
  <testcase name="test1" time="0.0" classname="com.autorunfailedtc.Test5">
    <failure type="java.lang.AssertionError" message="expected [true] but found [false]">
      <![CDATA[java.lang.AssertionError: expected [true] but found [false]
	at com.autorunfailedtc.Test5.test1(Test5.java:14)
	at com.runner.TestRunner.main(TestRunner.java:22)
... Removed 26 stack frames]]>
    </failure>
  </testcase> <!-- test1 -->
</testsuite> <!-- Test(failed) -->
